*** Using Compiler 'V5.06 update 6 (build 750)', folder: 'E:\NEW_mdk\ARM\ARMCC\Bin'
Build target 'Target 1'
compiling can2.c...
USER\SRC\can2.c(157): error:  #20: identifier "motror" is undefined
  		motror[id].valueset.current =(RxMessage.Data[4] << 8) | (RxMessage.Data[5]);
USER\SRC\can2.c: 0 warnings, 1 error
compiling beep.c...
compiling can1.c...
compiling param.c...
compiling main.c...
USER\SRC\main.c(82): warning:  #223-D: function "djcontrol" declared implicitly
  		djcontrol();
USER\SRC\main.c: 1 warning, 0 errors
compiling tim3.c...
compiling pid.c...
compiling usart1.c...
compiling motor.c...
USER\SRC\motor.c(304): warning:  #1-D: last line of file ends without a newline
  }
USER\SRC\motor.c: 1 warning, 0 errors
compiling visual_scope.c...
".\Obj\project.axf" - 1 Error(s), 2 Warning(s).
Target not created.
Build Time Elapsed:  00:00:07
